+attack
+back
+forward
+jump
+klook
+left
+lookdown
+lookup
+mlook
+movedown
+moveleft
+moveright
+moveup
+right
+showscores
+showteamscores
+speed
+strafe
+use
-attack
-back
-forward
-jump
-klook
-left
-lookdown
-lookup
-mlook
-movedown
-moveleft
-moveright
-moveup
-right
-showscores
-showteamscores
-speed
-strafe
-use
addip
addserver
alias
aliasedit
aliaslist
allskins
bf
bind
bindlist
calendar
centerview
cfg_load
cfg_reset
cfg_save
cl_messages
clear
cmd
cmdlist
color
connect
cvar_reset
cvarlist
date
demo_capture
demo_jump
demo_setspeed
devmap
disconnect
dns
download
easyrecord
echo
edict
edictcount
edicts
enemycolor
exec
f_modified
f_server
filter
floodprot
flush
fly
fog
force_centerview
fraglogfile
fullinfo
gamedir
give
gl_checkmodels
gl_inferno
gl_setmode
god
heartbeat
help
if
ignore
ignore_id
ignore_team
ignorelist
impulse
inc
join
keycode
keymap_init
keymap_list
keymap_load
keymap_reset
keymap_save
keymaplist
kick
kill
listip
load
loadFragfile
loadcharset
loadloc
loadsky
localinfo
log
macrolist
map
mapgroup
match_forcestart
match_format_macrolist
match_save
menu_demos
menu_fps
menu_help
menu_keys
menu_load
menu_main
menu_mp3_control
menu_mp3_playlist
menu_multiplayer
menu_options
menu_quit
menu_save
menu_setup
menu_singleplayer
menu_slist
menu_video
messagemode
messagemode2
mp3_fadeout
mp3_fforward
mp3_loadplaylist
mp3_next
mp3_pause
mp3_play
mp3_playlist
mp3_playtrack
mp3_prev
mp3_repeat
mp3_rewind
mp3_shuffle
mp3_songinfo
mp3_startwinamp
mp3_stop
msg_trigger
noclip
observe
packet
path
pause
play
playdemo
playvol
pointfile
profile
quit
rcon
reconnect
record
removeip
rotate
save
say
say_team
sb_sourcemark
sb_sourceunmarkall
screenshot
serverinfo
serverstatus
set
setinfo
setmaster
sizedown
sizeup
skins
skygroup
snap
snapall
snd_restart
soundinfo
soundlist
status
stop
stopsound
sv_gamedir
teamcolor
tempalias
timedemo
timerefresh
toggle
toggleconsole
togglemenu
tp_pickup
tp_point
tp_took
track
track1
track2
track3
track4
trackteam
unalias
unaliasall
unbind
unbindall
unignore
unignoreAll
unignoreAll_team
unignore_id
unignore_team
user
userinfo
users
v_cshift
validate_clients
version
vid_modelist
viewalias
wait
windows
writeconfig
writeip