_vid_default_mode
_vid_default_mode_win
_windowed_mouse
allow_download
allow_download_maps
allow_download_models
allow_download_pakmaps
allow_download_skins
allow_download_sounds
auth_validate
auth_viewcrc
auth_warninvalid
b_switch
baseskin
bgmvolume
bottomcolor
cfg_backup
cfg_legacy_exec
cfg_legacy_write
cfg_save_aliases
cfg_save_binds
cfg_save_cmdline
cfg_save_cmds
cfg_save_cvars
cfg_save_sysinfo
cfg_save_unchanged
cfg_save_userinfo
cl_anglespeedkey
cl_backspeed
cl_bob
cl_bobcycle
cl_bobup
cl_bonusflash
cl_c2sImpulseBackup
cl_c2spps
cl_chasecam
cl_chatmode
cl_chatsound
cl_clock
cl_clock_x
cl_clock_y
cl_cmdline
cl_confirmquit
cl_crossx
cl_crossy
cl_deadbodyFilter
cl_demoPingInterval
cl_democlock
cl_democlock_x
cl_democlock_y
cl_demospeed
cl_filterdrawviewmodel
cl_floodprot
cl_forwardspeed
cl_fp_messages
cl_fp_persecond
cl_gibFilter
cl_hudswap
cl_keypad
cl_loadFragfiles
cl_maxfps
cl_model_bobbing
cl_movespeedkey
cl_muzzleflash
cl_nodelta
cl_nofake
cl_nolerp
cl_nopred
cl_oldPL
cl_parseFrags
cl_parseFunChars
cl_parseSay
cl_parseWhiteText
cl_pitchspeed
cl_predictPlayers
cl_r2g
cl_rollangle
cl_rollspeed
cl_sbar
cl_shownet
cl_sidespeed
cl_smartjump
cl_solidPlayers
cl_staticSounds
cl_timeout
cl_trueLightning
cl_upspeed
cl_useproxy
cl_warncmd
cl_yawspeed
con_clearnotify
con_notifylines
con_notifytime
con_wordwrap
coop
crosshair
crosshairalpha
crosshaircolor
crosshairimage
crosshairsize
cvar_viewdefault
deathmatch
default_fov
demo_capture_dir
demo_capture_fps
demo_capture_steadycam
demo_dir
developer
enemybothskin
enemypentskin
enemyquadskin
enemyskin
filterban
floodprotmsg
fov
fraglimit
freelook
gl_affinemodels
gl_bounceparticles
gl_caustics
gl_clear
gl_clearColor
gl_clipparticles
gl_consolefont
gl_contrast
gl_cshiftpercent
gl_cull
gl_detail
gl_ext_texture_compression
gl_externalTextures_bmodels
gl_externalTextures_world
gl_fb_bmodels
gl_fb_models
gl_finish
gl_flashblend
gl_gamma
gl_hwblend
gl_lerpimages
gl_lightmode
gl_loadlitfiles
gl_max_size
gl_miptexLevel
gl_nocolors
gl_part_blobs
gl_part_blood
gl_part_explosions
gl_part_gunshots
gl_part_inferno
gl_part_lavasplash
gl_part_spikes
gl_part_telesplash
gl_part_trails
gl_picmip
gl_playermip
gl_polyblend
gl_scaleModelTextures
gl_scaleTurbTextures
gl_shaftlight
gl_smoothfont
gl_smoothmodels
gl_solidparticles
gl_strings
gl_subdivide_size
gl_texturemode
gl_triplebuffer
gl_ztrick
halflifebsp
hostname
ignore_flood
ignore_flood_duration
ignore_mode
ignore_opponents
ignore_spec
image_jpeg_quality_level
image_png_compression_level
joystick
localid
log_dir
log_readable
lookspring
lookstrafe
m_accel
m_filter
m_forcewheel
m_forward
m_pitch
m_side
m_yaw
mapname
match_auto_logconsole
match_auto_minlength
match_auto_record
match_auto_spectating
match_auto_sshot
match_format_2on2
match_format_3on3
match_format_4on4
match_format_arena
match_format_coop
match_format_duel
match_format_ffa
match_format_race
match_format_solo
match_format_tdm
match_format_tf_clanwar
match_format_tf_duel
match_name_and
match_name_nick
match_name_on
match_name_spec
match_name_versus
maxclients
maxspectators
mp3_grabvolume
mp3_scrolltitle
mp3_showtime
mp3_volume
mp3_winamp_dir
msg
name
noaim
noskins
password
pausable
pm_bunnyspeedcap
pm_ktjump
pm_slidefix
qizmo_dir
qport
r_drawentities
r_drawflame
r_drawviewmodel
r_dynamic
r_explosionLight
r_explosionLightColor
r_explosionType
r_farclip
r_fastsky
r_fastturb
r_flagColor
r_fullbright
r_fullbrightSkins
r_grenadeTrail
r_lerpframes
r_lerpmuzzlehack
r_lightflicker
r_lightmap
r_netgraph
r_novis
r_powerupGlow
r_rocketLight
r_rocketLightColor
r_rocketTrail
r_shadows
r_skycolor
r_skyname
r_speeds
r_viewmodelSize
r_wateralpha
rate
rcon_address
rcon_password
registered
s_ambientfade
s_ambientlevel
s_initsound
s_khz
s_loadas8bit
s_mixahead
s_noextraupdate
s_nosound
s_precache
s_show
s_swapstereo
samelevel
scr_allowsnap
scr_autoid
scr_centerMenu
scr_centerSbar
scr_centertime
scr_coloredText
scr_compactHud
scr_compactHudAlign
scr_conalpha
scr_consize
scr_conspeed
scr_drawHFrags
scr_drawVFrags
scr_menualpha
scr_printspeed
scr_scaleMenu
scr_scoreboard_borderless
scr_scoreboard_drawtitle
scr_scoreboard_fillalpha
scr_scoreboard_fillcolored
scr_scoreboard_forcecolors
scr_scoreboard_showfrags
scr_scoreboard_teamsort
sensitivity
show_fps
show_fps_x
show_fps_y
show_speed
show_speed_x
show_speed_y
showdrop
showpackets
showpause
showram
showturtle
skill
skin
spectator
spectator_password
sshot_dir
sshot_format
sv_accelerate
sv_aim
sv_airaccelerate
sv_cheats
sv_fastconnect
sv_friction
sv_gravity
sv_highchars
sv_loadentfiles
sv_mapcheck
sv_maxrate
sv_maxspeed
sv_maxtic
sv_maxvelocity
sv_mintic
sv_nailhack
sv_phs
sv_spectalk
sv_spectatormaxspeed
sv_stopspeed
sv_wateraccelerate
sv_waterfriction
sys_disableWinKeys
sys_highpriority
sys_inactiveSleep
sys_yieldcpu
team
teambothskin
teampentskin
teamplay
teamquadskin
teamskin
timelimit
timeout
topcolor
tp_forceTriggers
tp_loadlocs
tp_msgtriggers
tp_name_armor
tp_name_armortype_ga
tp_name_armortype_ra
tp_name_armortype_ya
tp_name_at
tp_name_axe
tp_name_backpack
tp_name_cells
tp_name_disp
tp_name_enemy
tp_name_eyes
tp_name_flag
tp_name_ga
tp_name_gl
tp_name_health
tp_name_lg
tp_name_mh
tp_name_nails
tp_name_ng
tp_name_none
tp_name_nothing
tp_name_pent
tp_name_pented
tp_name_quad
tp_name_quaded
tp_name_ra
tp_name_ring
tp_name_rl
tp_name_rockets
tp_name_sentry
tp_name_separator
tp_name_sg
tp_name_shells
tp_name_sng
tp_name_someplace
tp_name_ssg
tp_name_status_blue
tp_name_status_green
tp_name_status_red
tp_name_status_yellow
tp_name_suit
tp_name_teammate
tp_name_weapon
tp_name_ya
tp_need_cells
tp_need_ga
tp_need_health
tp_need_nails
tp_need_ra
tp_need_rl
tp_need_rockets
tp_need_shells
tp_need_weapon
tp_need_ya
tp_soundtrigger
tp_triggers
tp_weapon_order
v_centermove
v_centerspeed
v_contentblend
v_damagecshift
v_dlightcshift
v_gunkick
v_idlescale
v_ipitch_cycle
v_ipitch_level
v_iroll_cycle
v_iroll_level
v_iyaw_cycle
v_iyaw_level
v_kickpitch
v_kickroll
v_kicktime
v_pentcshift
v_quadcshift
v_ringcshift
v_suitcshift
v_viewheight
vid_config_x
vid_config_y
vid_displayfrequency
vid_hwgammacontrol
vid_mode
vid_ref
vid_vsync
viewsize
volume
w_switch
watervis
zombietime