_vid_default_mode
_vid_default_mode_win
_windowed_mouse
block_switch
vid_config_x
vid_config_y
vid_displayfrequency
vid_flashonactivity
vid_fullscreen_mode
vid_hwgammacontrol
vid_mode
vid_nopageflip
vid_redrawfull
vid_ref
vid_resetonswitch
vid_stretch_by_2
vid_vsync
vid_waitforrefresh
vid_window_x
vid_window_y
vid_windowed_mode
allow_download
allow_download_maps
allow_download_models
allow_download_pakmaps
allow_download_skins
allow_download_sounds
allow_f_cmdline
allow_f_system
auth_validate
auth_warninvalid
cl_cmdline
cl_crypt_rcon
cl_loadFragfiles
cl_parseFrags
cl_warncmd
developer
gl_strings
keymap_name
localid
mapname
password
qport
rcon_address
rcon_password
registered
spectator_password
allow_scripts
cl_anglespeedkey
cl_backspeed
cl_forwardspeed
cl_keypad
cl_movespeedkey
cl_pitchspeed
cl_showkeycodes
cl_sidespeed
cl_smartjump
cl_upspeed
cl_yawspeed
auth_viewcrc
cl_chatsound
cl_floodprot
cl_fp_messages
cl_fp_persecond
cl_nofake
cl_parseFunChars
cl_parseSay
cl_parseWhiteText
ignore_flood
ignore_flood_duration
ignore_mode
ignore_opponents
ignore_qizmo_spec
ignore_spec
msg_filter
b_switch
bottomcolor
msg
name
noaim
rate
skin
spectator
team
topcolor
w_switch
baseskin
enemybothskin
enemypentskin
enemyquadskin
enemyskin
noskins
r_fullbrightSkins
teambothskin
teampentskin
teamquadskin
teamskin
bgmvolume
cl_staticSounds
s_ambientfade
s_ambientlevel
s_initsound
s_khz
s_loadas8bit
s_mixahead
s_noextraupdate
s_nosound
s_precache
s_show
s_swapstereo
volume
cfg_backup
cfg_legacy_exec
cfg_legacy_write
cfg_save_aliases
cfg_save_binds
cfg_save_cmdline
cfg_save_cmds
cfg_save_cvars
cfg_save_sysinfo
cfg_save_unchanged
cfg_save_userinfo
cl_bob
cl_bobcycle
cl_bobup
cl_filterdrawviewmodel
r_drawviewmodel
r_viewmodelSize
cl_bonusflash
gl_cshiftpercent
gl_hwblend
gl_polyblend
v_contentblend
v_damagecshift
v_dlightcshift
v_pentcshift
v_quadcshift
v_ringcshift
v_suitcshift
cl_c2sImpulseBackup
cl_c2spps
cl_nodelta
cl_nopred
cl_oldPL
cl_predictPlayers
cl_solidPlayers
cl_timeout
cl_useproxy
cl_camera_chase
cl_camera_death
cl_chasecam
cl_chatmode
cl_newCompletion
con_clearnotify
con_notifylines
con_notifytime
con_shift
con_sound_mm1_file
con_sound_mm1_volume
con_sound_mm2_file
con_sound_mm2_volume
con_sound_other_file
con_sound_other_volume
con_sound_spec_file
con_sound_spec_volume
con_timestamps
con_wordwrap
cvar_viewdefault
gl_consolefont
gl_smoothfont
log_dir
log_readable
scr_conalpha
scr_consize
scr_conspeed
scr_printspeed
x
cl_clock
cl_clock_x
cl_clock_y
cl_confirmquit
cl_democlock
cl_democlock_x
cl_democlock_y
cl_shownet
draw_fps
gl_contrast
gl_gamma
r_glstats
r_netgraph
r_tracker_flags
r_tracker_frags
r_tracker_messages
r_tracker_streaks
r_tracker_time
scr_autoid
scr_centerMenu
scr_centertime
scr_coloredText
scr_menualpha
scr_spectatorMessage
scr_tracking
show_fps
show_fps_x
show_fps_y
show_speed
show_speed_x
show_speed_y
showdrop
showpackets
showpause
showram
showturtle
sw_contrast
sw_gamma
cl_crossx
cl_crossy
crosshair
crosshairalpha
crosshaircolor
crosshairimage
crosshairsize
cl_deadbodyFilter
cl_gibFilter
cl_hidenails
cl_hiderockets
cl_independentPhysics
cl_maxfps
cl_model_bobbing
cl_muzzleflash
cl_nolerp
cl_physfps
cl_r2g
cl_trueLightning
gl_caustics
gl_detail
gl_waterfog
gl_waterfogDensity
r_drawentities
r_drawflame
r_explosionLight
r_explosionLightColor
r_explosionType
r_flagColor
r_grenadeTrail
r_lerpframes
r_lerpmuzzlehack
r_lightflicker
r_powerupGlow
r_rocketLight
r_rocketLightColor
r_rocketTrail
cl_demoPingInterval
cl_demospeed
demo_capture_dir
demo_capture_fps
demo_capture_steadycam
demo_dir
demo_getpings
qizmo_dir
cl_hudswap
cl_sbar
r_damagestats
scr_centerSbar
scr_compactHud
scr_compactHudAlign
scr_drawHFrags
scr_drawVFrags
scr_scoreboard_borderless
scr_scoreboard_drawtitle
scr_scoreboard_fillalpha
scr_scoreboard_fillcolored
scr_scoreboard_forcecolors
scr_scoreboard_showfrags
scr_scoreboard_teamsort
cl_multiview
cl_mvdisplayhud
cl_mvinset
cl_mvinsetcrosshair
cl_mvinsethud
r_aliastransadj
r_aliastransbase
r_clearcolor
r_draworder
r_dspeeds
r_graphheight
r_maxedges
r_maxsurfs
r_numedges
r_numsurfs
r_polymodelstats
r_reportedgeout
r_reportsurfout
r_speeds
r_timegraph
r_zgraph
cl_rollangle
cl_rollspeed
default_fov
fov
v_centermove
v_centerspeed
v_gunkick
v_idlescale
v_ipitch_cycle
v_ipitch_level
v_iroll_cycle
v_iroll_level
v_iyaw_cycle
v_iyaw_level
v_kickpitch
v_kickroll
v_kicktime
v_viewheight
viewsize
coop
filterban
floodprotmsg
halflifebsp
pausable
skill
sv_aim
sv_cheats
sv_fastconnect
sv_highchars
sv_loadentfiles
sv_mapcheck
sv_maxrate
sv_maxtic
sv_mintic
sv_nailhack
sv_phs
sv_spectalk
timeout
zombietime
d_mipcap
d_mipscale
d_subdiv16
gl_ext_texture_compression
gl_externalTextures_bmodels
gl_externalTextures_world
gl_lerpimages
gl_lumaTextures
gl_max_size
gl_miptexLevel
gl_picmip
gl_playermip
gl_scaleModelTextures
gl_scaleTurbTextures
gl_subdivide_size
gl_texturemode
r_max_size_1
deathmatch
fraglimit
hostname
maxclients
maxspectators
samelevel
teamplay
timelimit
watervis
freelook
lookspring
lookstrafe
sensitivity
gl_affinemodels
gl_amfdebug
gl_buildingsparks
gl_clear
gl_clearColor
gl_cull
gl_cutf_tesla_effect
gl_detpacklights
gl_extratrails
gl_finish
gl_fogblue
gl_fogenable
gl_fogend
gl_foggreen
gl_fogred
gl_fogsky
gl_fogstart
gl_inferno_speed
gl_inferno_trail
gl_lightning
gl_lightning_size
gl_lightning_sparks
gl_motiontrails
gl_motiontrails_wtf
gl_nailtrail
gl_nailtrail_plasma
gl_nailtrail_water
gl_nocolors
gl_smoothmodels
gl_surface_lava
gl_surface_slime
gl_triplebuffer
gl_underwater_trails
gl_waterripple
gl_weather_rain
gl_weather_rain_fast
gl_ztrick
r_farclip
gl_bounceparticles
gl_clipparticles
gl_part_blobs
gl_part_blood
gl_part_explosions
gl_part_gunshots
gl_part_inferno
gl_part_lavasplash
gl_part_spikes
gl_part_telesplash
gl_part_trails
gl_particle_blobs
gl_particle_blood
gl_particle_blood_color
gl_particle_blood_type
gl_particle_deatheffect
gl_particle_explosions
gl_particle_fasttrails
gl_particle_fire
gl_particle_gibtrails
gl_particle_gunshots
gl_particle_gunshots_type
gl_particle_muzzleflash
gl_particle_shockwaves
gl_particle_shockwaves_flat
gl_particle_sparks
gl_particle_spikes
gl_particle_spikes_type
gl_particle_trail_detail
gl_particle_trail_lenght
gl_particle_trail_time
gl_particle_trail_type
gl_particle_trail_width
gl_solidparticles
gl_coronas
gl_coronas_tele
gl_fb_bmodels
gl_fb_models
gl_flashblend
gl_lighting_colour
gl_lighting_vertex
gl_lightmode
gl_loadlitfiles
gl_shaftlight
r_ambient
r_dynamic
r_fullbright
r_lightmap
r_shadows
image_jpeg_quality_level
image_png_compression_level
scr_allowsnap
sshot_dir
sshot_format
joystick
m_accel
m_filter
m_forcewheel
m_forward
m_pitch
m_side
m_yaw
mouse1
mouse2
mouse3
match_auto_logconsole
match_auto_minlength
match_auto_record
match_auto_spectating
match_auto_sshot
match_format_2on2
match_format_3on3
match_format_4on4
match_format_arena
match_format_coop
match_format_duel
match_format_ffa
match_format_race
match_format_solo
match_format_tdm
match_format_tf_clanwar
match_format_tf_duel
match_name_and
match_name_nick
match_name_on
match_name_spec
match_name_versus
mp3_grabvolume
mp3_scrolltitle
mp3_showtime
mp3_volume
mp3_winamp_dir
mp3_xmms_dir
mp3_xmms_session
pm_bunnyspeedcap
pm_ktjump
pm_slidefix
sv_accelerate
sv_airaccelerate
sv_friction
sv_gravity
sv_maxspeed
sv_maxvelocity
sv_spectatormaxspeed
sv_stopspeed
sv_wateraccelerate
sv_waterfriction
r_fastsky
r_fastturb
r_lavacolor
r_novis
r_skycolor
r_skyname
r_slimecolor
r_telecolor
r_wateralpha
r_watercolor
r_waterwarp
sb_autohide
sb_hidedead
sb_hideempty
sb_hidefull
sb_hidenotempty
sb_inforetries
sb_infospersec
sb_infotimeout
sb_liveupdate
sb_mastercache
sb_masterretries
sb_mastertimeout
sb_maxheight
sb_maxwidth
sb_pings
sb_pingspersec
sb_pingtimeout
sb_showaddress
sb_showcounters
sb_showfraglimit
sb_showgamedir
sb_showmap
sb_showping
sb_showplayers
sb_showtimelimit
sb_sortplayers
sb_sortservers
sb_sortsources
sb_sourcevalidity
sb_status
sys_disableWinKeys
sys_highpriority
sys_inactiveSleep
sys_yieldcpu
tp_forceTriggers
tp_loadlocs
tp_msgtriggers
tp_soundtrigger
tp_triggers
tp_weapon_order
tp_name_armor
tp_name_armortype_ga
tp_name_armortype_ra
tp_name_armortype_ya
tp_name_at
tp_name_axe
tp_name_backpack
tp_name_cells
tp_name_disp
tp_name_enemy
tp_name_eyes
tp_name_flag
tp_name_ga
tp_name_gl
tp_name_health
tp_name_lg
tp_name_mh
tp_name_nails
tp_name_ng
tp_name_none
tp_name_nothing
tp_name_pent
tp_name_pented
tp_name_quad
tp_name_quaded
tp_name_ra
tp_name_ring
tp_name_rl
tp_name_rockets
tp_name_rune_1
tp_name_rune_2
tp_name_rune_3
tp_name_rune_4
tp_name_sentry
tp_name_separator
tp_name_sg
tp_name_shells
tp_name_sng
tp_name_someplace
tp_name_ssg
tp_name_status_blue
tp_name_status_green
tp_name_status_red
tp_name_status_yellow
tp_name_suit
tp_name_teammate
tp_name_weapon
tp_name_ya
tp_need_cells
tp_need_ga
tp_need_health
tp_need_nails
tp_need_ra
tp_need_rl
tp_need_rockets
tp_need_shells
tp_need_weapon
tp_need_ya