List of commands:
+attack
+back
+forward
+hud_clock
+hud_fps
+hud_mp3_time
+hud_mp3_title
+hud_net
+hud_netgraph
+hud_ping
+hud_speed
+hud_tracking
+jump
+klook
+left
+lookdown
+lookup
+mlook
+movedown
+moveleft
+moveright
+moveup
+right
+showscores
+showteamscores
+speed
+strafe
+use
-attack
-back
-forward
-hud_clock
-hud_fps
-hud_mp3_time
-hud_mp3_title
-hud_net
-hud_netgraph
-hud_ping
-hud_speed
-hud_tracking
-jump
-klook
-left
-lookdown
-lookup
-mlook
-movedown
-moveleft
-moveright
-moveup
-right
-showscores
-showteamscores
-speed
-strafe
-use
addip
addserver
alias
aliasedit
aliaslist
align
allskins
ammo
ammo1
ammo2
ammo3
ammo4
armor
armordamage
bf
bind
bindlist
calendar
centerview
cfg_load
cfg_reset
cfg_save
cl_messages
clear
clock
cmd
cmdlist
color
connect
cvar_reset
cvarlist
date
demo_capture
demo_jump
demo_playlist_clear
demo_playlist_next
demo_playlist_prev
demo_playlist_stop
demo_setspeed
describe
devmap
disconnect
dns
download
easyrecord
echo
edict
edictcount
edicts
enemycolor
exec
f_modified
f_server
face
filter
floodprot
flush
fly
fog
force_centerview
fps
fraglogfile
frags
fullinfo
gamedir
give
gl_checkmodels
gl_inferno
gl_setmode
god
group1
group2
group3
group4
group5
group6
group7
group8
group9
gun
gun2
gun3
gun4
gun5
gun6
gun7
gun8
health
healthdamage
heartbeat
help
hide
hud_export
hud_recalculate
iammo
iammo1
iammo2
iammo3
iammo4
iarmor
if
ignore
ignore_id
ignore_team
ignorelist
impulse
inc
join
key1
key2
keycode
keymap_init
keymap_list
keymap_load
keymap_reset
keymap_save
keymaplist
kick
kill
listip
load
loadFragfile
loadcharset
loadloc
loadsky
localinfo
log
macrolist
map
mapgroup
match_forcestart
match_format_macrolist
match_save
menu_demos
menu_fps
menu_help
menu_keys
menu_load
menu_main
menu_mp3_control
menu_mp3_playlist
menu_multiplayer
menu_options
menu_quit
menu_save
menu_setup
menu_singleplayer
menu_slist
menu_video
messagemode
messagemode2
move
mp3_fadeout
mp3_fforward
mp3_loadplaylist
mp3_next
mp3_pause
mp3_play
mp3_playlist
mp3_playtrack
mp3_prev
mp3_repeat
mp3_rewind
mp3_shuffle
mp3_songinfo
mp3_startwinamp
mp3_stop
mp3_time
mp3_title
msg_trigger
net
netgraph
noclip
observe
packet
path
pause
pent
ping
place
play
playdemo
playvol
pointfile
profile
qstat
quad
quit
rcon
reconnect
record
removeip
ring
rotate
save
say
say_team
sb_sourcemark
sb_sourceunmarkall
screenshot
serverinfo
serverstatus
set
set_calc
setinfo
setmaster
show
sigil1
sigil2
sigil3
sigil4
sizedown
sizeup
skins
skygroup
snap
snapall
snd_restart
soundinfo
soundlist
speed
status
stop
stopsound
suit
sv_gamedir
teamcolor
teamfrags
tempalias
timedemo
timerefresh
toggle
toggleconsole
togglehud
togglemenu
tp_pickup
tp_point
tp_took
track
track1
track2
track3
track4
tracking
trackteam
unalias
unaliasall
unbind
unbindall
unignore
unignoreAll
unignoreAll_team
unignore_id
unignore_team
unset
user
userinfo
users
v_cshift
validate_clients
version
vid_modelist
viewalias
wait
windows
writeconfig
writeip
------------
323/323 commands
